# JRE version: OpenJDK Runtime Environment (8.0_112-b06) (build 1.8.0_112-release-b06)
# Java VM: OpenJDK 64-Bit Server VM (25.112-b06 mixed mode windows-amd64 compressed oops)
Heap:
 PSYoungGen      total 147968K, used 17520K [0x00000000e0000000, 0x00000000ed680000, 0x0000000100000000)
  eden space 122880K, 14% used [0x00000000e0000000,0x00000000e111c0b8,0x00000000e7800000)
  from space 25088K, 0% used [0x00000000e7800000,0x00000000e7800000,0x00000000e9080000)
  to   space 27648K, 0% used [0x00000000ebb80000,0x00000000ebb80000,0x00000000ed680000)
 ParOldGen       total 96768K, used 28693K [0x00000000a0000000, 0x00000000a5e80000, 0x00000000e0000000)
  object space 96768K, 29% used [0x00000000a0000000,0x00000000a1c056c0,0x00000000a5e80000)
 Metaspace       used 57890K, capacity 59474K, committed 60032K, reserved 1101824K
  class space    used 7568K, capacity 7898K, committed 8064K, reserved 1048576K
GC Heap History (10 events):
Event: 10.781 GC heap before
{Heap before GC invocations=14 (full 2):
 PSYoungGen      total 101888K, used 101879K [0x00000000e0000000, 0x00000000e8580000, 0x0000000100000000)
  eden space 90624K, 100% used [0x00000000e0000000,0x00000000e5880000,0x00000000e5880000)
  from space 11264K, 99% used [0x00000000e5880000,0x00000000e637dde8,0x00000000e6380000)
  to   space 13824K, 0% used [0x00000000e7800000,0x00000000e7800000,0x00000000e8580000)
 ParOldGen       total 96768K, used 17388K [0x00000000a0000000, 0x00000000a5e80000, 0x00000000e0000000)
  object space 96768K, 17% used [0x00000000a0000000,0x00000000a10fb2f0,0x00000000a5e80000)
 Metaspace       used 53051K, capacity 54516K, committed 54656K, reserved 1095680K
  class space    used 7180K, capacity 7515K, committed 7552K, reserved 1048576K
Event: 10.802 GC heap after
Heap after GC invocations=14 (full 2):
 PSYoungGen      total 119296K, used 13811K [0x00000000e0000000, 0x00000000e9100000, 0x0000000100000000)
  eden space 105472K, 0% used [0x00000000e0000000,0x00000000e0000000,0x00000000e6700000)
  from space 13824K, 99% used [0x00000000e7800000,0x00000000e857cd08,0x00000000e8580000)
  to   space 17408K, 0% used [0x00000000e6700000,0x00000000e6700000,0x00000000e7800000)
 ParOldGen       total 96768K, used 23375K [0x00000000a0000000, 0x00000000a5e80000, 0x00000000e0000000)
  object space 96768K, 24% used [0x00000000a0000000,0x00000000a16d3c70,0x00000000a5e80000)
 Metaspace       used 53051K, capacity 54516K, committed 54656K, reserved 1095680K
  class space    used 7180K, capacity 7515K, committed 7552K, reserved 1048576K
}
Event: 6693.314 GC heap before
{Heap before GC invocations=15 (full 2):
 PSYoungGen      total 119296K, used 119283K [0x00000000e0000000, 0x00000000e9100000, 0x0000000100000000)
  eden space 105472K, 100% used [0x00000000e0000000,0x00000000e6700000,0x00000000e6700000)
  from space 13824K, 99% used [0x00000000e7800000,0x00000000e857cd08,0x00000000e8580000)
  to   space 17408K, 0% used [0x00000000e6700000,0x00000000e6700000,0x00000000e7800000)
 ParOldGen       total 96768K, used 23375K [0x00000000a0000000, 0x00000000a5e80000, 0x00000000e0000000)
  object space 96768K, 24% used [0x00000000a0000000,0x00000000a16d3c70,0x00000000a5e80000)
 Metaspace       used 55470K, capacity 57064K, committed 57088K, reserved 1099776K
  class space    used 7344K, capacity 7663K, committed 7680K, reserved 1048576K
Event: 6693.339 GC heap after
Heap after GC invocations=15 (full 2):
 PSYoungGen      total 122880K, used 17038K [0x00000000e0000000, 0x00000000ea400000, 0x0000000100000000)
  eden space 105472K, 0% used [0x00000000e0000000,0x00000000e0000000,0x00000000e6700000)
  from space 17408K, 97% used [0x00000000e6700000,0x00000000e77a3a30,0x00000000e7800000)
  to   space 19968K, 0% used [0x00000000e9080000,0x00000000e9080000,0x00000000ea400000)
 ParOldGen       total 96768K, used 23383K [0x00000000a0000000, 0x00000000a5e80000, 0x00000000e0000000)
  object space 96768K, 24% used [0x00000000a0000000,0x00000000a16d5c70,0x00000000a5e80000)
 Metaspace       used 55470K, capacity 57064K, committed 57088K, reserved 1099776K
  class space    used 7344K, capacity 7663K, committed 7680K, reserved 1048576K
}
Event: 6694.919 GC heap before
{Heap before GC invocations=16 (full 2):
 PSYoungGen      total 122880K, used 122510K [0x00000000e0000000, 0x00000000ea400000, 0x0000000100000000)
  eden space 105472K, 100% used [0x00000000e0000000,0x00000000e6700000,0x00000000e6700000)
  from space 17408K, 97% used [0x00000000e6700000,0x00000000e77a3a30,0x00000000e7800000)
  to   space 19968K, 0% used [0x00000000e9080000,0x00000000e9080000,0x00000000ea400000)
 ParOldGen       total 96768K, used 23383K [0x00000000a0000000, 0x00000000a5e80000, 0x00000000e0000000)
  object space 96768K, 24% used [0x00000000a0000000,0x00000000a16d5c70,0x00000000a5e80000)
 Metaspace       used 57039K, capacity 58742K, committed 59008K, reserved 1099776K
  class space    used 7459K, capacity 7782K, committed 7808K, reserved 1048576K
Event: 6694.941 GC heap after
Heap after GC invocations=16 (full 2):
 PSYoungGen      total 142848K, used 19936K [0x00000000e0000000, 0x00000000eae80000, 0x0000000100000000)
  eden space 122880K, 0% used [0x00000000e0000000,0x00000000e0000000,0x00000000e7800000)
  from space 19968K, 99% used [0x00000000e9080000,0x00000000ea3f8250,0x00000000ea400000)
  to   space 25088K, 0% used [0x00000000e7800000,0x00000000e7800000,0x00000000e9080000)
 ParOldGen       total 96768K, used 30759K [0x00000000a0000000, 0x00000000a5e80000, 0x00000000e0000000)
  object space 96768K, 31% used [0x00000000a0000000,0x00000000a1e09d78,0x00000000a5e80000)
 Metaspace       used 57039K, capacity 58742K, committed 59008K, reserved 1099776K
  class space    used 7459K, capacity 7782K, committed 7808K, reserved 1048576K
}
Event: 6695.256 GC heap before
{Heap before GC invocations=17 (full 2):
 PSYoungGen      total 142848K, used 46105K [0x00000000e0000000, 0x00000000eae80000, 0x0000000100000000)
  eden space 122880K, 21% used [0x00000000e0000000,0x00000000e198e570,0x00000000e7800000)
  from space 19968K, 99% used [0x00000000e9080000,0x00000000ea3f8250,0x00000000ea400000)
  to   space 25088K, 0% used [0x00000000e7800000,0x00000000e7800000,0x00000000e9080000)
 ParOldGen       total 96768K, used 30759K [0x00000000a0000000, 0x00000000a5e80000, 0x00000000e0000000)
  object space 96768K, 31% used [0x00000000a0000000,0x00000000a1e09d78,0x00000000a5e80000)
 Metaspace       used 57291K, capacity 58984K, committed 59136K, reserved 1099776K
  class space    used 7478K, capacity 7817K, committed 7936K, reserved 1048576K
Event: 6695.281 GC heap after
Heap after GC invocations=17 (full 2):
 PSYoungGen      total 147968K, used 21309K [0x00000000e0000000, 0x00000000ed680000, 0x0000000100000000)
  eden space 122880K, 0% used [0x00000000e0000000,0x00000000e0000000,0x00000000e7800000)
  from space 25088K, 84% used [0x00000000e7800000,0x00000000e8ccf420,0x00000000e9080000)
  to   space 27648K, 0% used [0x00000000ebb80000,0x00000000ebb80000,0x00000000ed680000)
 ParOldGen       total 96768K, used 30767K [0x00000000a0000000, 0x00000000a5e80000, 0x00000000e0000000)
  object space 96768K, 31% used [0x00000000a0000000,0x00000000a1e0bd78,0x00000000a5e80000)
 Metaspace       used 57291K, capacity 58984K, committed 59136K, reserved 1099776K
  class space    used 7478K, capacity 7817K, committed 7936K, reserved 1048576K
}
Event: 6695.281 GC heap before
{Heap before GC invocations=18 (full 3):
 PSYoungGen      total 147968K, used 21309K [0x00000000e0000000, 0x00000000ed680000, 0x0000000100000000)
  eden space 122880K, 0% used [0x00000000e0000000,0x00000000e0000000,0x00000000e7800000)
  from space 25088K, 84% used [0x00000000e7800000,0x00000000e8ccf420,0x00000000e9080000)
  to   space 27648K, 0% used [0x00000000ebb80000,0x00000000ebb80000,0x00000000ed680000)
 ParOldGen       total 96768K, used 30767K [0x00000000a0000000, 0x00000000a5e80000, 0x00000000e0000000)
  object space 96768K, 31% used [0x00000000a0000000,0x00000000a1e0bd78,0x00000000a5e80000)
 Metaspace       used 57291K, capacity 58984K, committed 59136K, reserved 1099776K
  class space    used 7478K, capacity 7817K, committed 7936K, reserved 1048576K
Event: 6695.456 GC heap after
Heap after GC invocations=18 (full 3):
 PSYoungGen      total 147968K, used 0K [0x00000000e0000000, 0x00000000ed680000, 0x0000000100000000)
  eden space 122880K, 0% used [0x00000000e0000000,0x00000000e0000000,0x00000000e7800000)
  from space 25088K, 0% used [0x00000000e7800000,0x00000000e7800000,0x00000000e9080000)
  to   space 27648K, 0% used [0x00000000ebb80000,0x00000000ebb80000,0x00000000ed680000)
 ParOldGen       total 96768K, used 28693K [0x00000000a0000000, 0x00000000a5e80000, 0x00000000e0000000)
  object space 96768K, 29% used [0x00000000a0000000,0x00000000a1c056c0,0x00000000a5e80000)
 Metaspace       used 57094K, capacity 58664K, committed 59136K, reserved 1099776K
  class space    used 7447K, capacity 7759K, committed 7936K, reserved 1048576K
}

