# JRE version: OpenJDK Runtime Environment (8.0_112-b06) (build 1.8.0_112-release-b06)
# Java VM: OpenJDK 64-Bit Server VM (25.112-b06 mixed mode windows-amd64 compressed oops)
Heap:
 PSYoungGen      total 107008K, used 10223K [0x00000000e0000000, 0x00000000e9f80000, 0x0000000100000000)
  eden space 96768K, 0% used [0x00000000e0000000,0x00000000e0000000,0x00000000e5e80000)
  from space 10240K, 99% used [0x00000000e5e80000,0x00000000e687bd58,0x00000000e6880000)
  to   space 12288K, 0% used [0x00000000e9380000,0x00000000e9380000,0x00000000e9f80000)
 ParOldGen       total 63488K, used 13307K [0x00000000a0000000, 0x00000000a3e00000, 0x00000000e0000000)
  object space 63488K, 20% used [0x00000000a0000000,0x00000000a0cfefd8,0x00000000a3e00000)
 Metaspace       used 34828K, capacity 35388K, committed 35496K, reserved 1079296K
  class space    used 4670K, capacity 4848K, committed 4864K, reserved 1048576K
GC Heap History (10 events):
Event: 2.799 GC heap after
Heap after GC invocations=4 (full 0):
 PSYoungGen      total 71680K, used 5100K [0x00000000e0000000, 0x00000000e4b00000, 0x0000000100000000)
  eden space 66560K, 0% used [0x00000000e0000000,0x00000000e0000000,0x00000000e4100000)
  from space 5120K, 99% used [0x00000000e4600000,0x00000000e4afb000,0x00000000e4b00000)
  to   space 5120K, 0% used [0x00000000e4100000,0x00000000e4100000,0x00000000e4600000)
 ParOldGen       total 87552K, used 8010K [0x00000000a0000000, 0x00000000a5580000, 0x00000000e0000000)
  object space 87552K, 9% used [0x00000000a0000000,0x00000000a07d28c0,0x00000000a5580000)
 Metaspace       used 20799K, capacity 21100K, committed 21296K, reserved 1067008K
  class space    used 2751K, capacity 2865K, committed 2944K, reserved 1048576K
}
Event: 2.799 GC heap before
{Heap before GC invocations=5 (full 1):
 PSYoungGen      total 71680K, used 5100K [0x00000000e0000000, 0x00000000e4b00000, 0x0000000100000000)
  eden space 66560K, 0% used [0x00000000e0000000,0x00000000e0000000,0x00000000e4100000)
  from space 5120K, 99% used [0x00000000e4600000,0x00000000e4afb000,0x00000000e4b00000)
  to   space 5120K, 0% used [0x00000000e4100000,0x00000000e4100000,0x00000000e4600000)
 ParOldGen       total 87552K, used 8010K [0x00000000a0000000, 0x00000000a5580000, 0x00000000e0000000)
  object space 87552K, 9% used [0x00000000a0000000,0x00000000a07d28c0,0x00000000a5580000)
 Metaspace       used 20799K, capacity 21100K, committed 21296K, reserved 1067008K
  class space    used 2751K, capacity 2865K, committed 2944K, reserved 1048576K
Event: 2.851 GC heap after
Heap after GC invocations=5 (full 1):
 PSYoungGen      total 71680K, used 0K [0x00000000e0000000, 0x00000000e4b00000, 0x0000000100000000)
  eden space 66560K, 0% used [0x00000000e0000000,0x00000000e0000000,0x00000000e4100000)
  from space 5120K, 0% used [0x00000000e4600000,0x00000000e4600000,0x00000000e4b00000)
  to   space 5120K, 0% used [0x00000000e4100000,0x00000000e4100000,0x00000000e4600000)
 ParOldGen       total 63488K, used 8656K [0x00000000a0000000, 0x00000000a3e00000, 0x00000000e0000000)
  object space 63488K, 13% used [0x00000000a0000000,0x00000000a0874350,0x00000000a3e00000)
 Metaspace       used 20799K, capacity 21100K, committed 21296K, reserved 1067008K
  class space    used 2751K, capacity 2865K, committed 2944K, reserved 1048576K
}
Event: 4.207 GC heap before
{Heap before GC invocations=6 (full 1):
 PSYoungGen      total 71680K, used 66560K [0x00000000e0000000, 0x00000000e4b00000, 0x0000000100000000)
  eden space 66560K, 100% used [0x00000000e0000000,0x00000000e4100000,0x00000000e4100000)
  from space 5120K, 0% used [0x00000000e4600000,0x00000000e4600000,0x00000000e4b00000)
  to   space 5120K, 0% used [0x00000000e4100000,0x00000000e4100000,0x00000000e4600000)
 ParOldGen       total 63488K, used 8656K [0x00000000a0000000, 0x00000000a3e00000, 0x00000000e0000000)
  object space 63488K, 13% used [0x00000000a0000000,0x00000000a0874350,0x00000000a3e00000)
 Metaspace       used 25894K, capacity 26304K, committed 26496K, reserved 1073152K
  class space    used 3583K, capacity 3693K, committed 3712K, reserved 1048576K
Event: 4.220 GC heap after
Heap after GC invocations=6 (full 1):
 PSYoungGen      total 71680K, used 5089K [0x00000000e0000000, 0x00000000e7580000, 0x0000000100000000)
  eden space 66560K, 0% used [0x00000000e0000000,0x00000000e0000000,0x00000000e4100000)
  from space 5120K, 99% used [0x00000000e4100000,0x00000000e45f8570,0x00000000e4600000)
  to   space 10752K, 0% used [0x00000000e6b00000,0x00000000e6b00000,0x00000000e7580000)
 ParOldGen       total 63488K, used 11544K [0x00000000a0000000, 0x00000000a3e00000, 0x00000000e0000000)
  object space 63488K, 18% used [0x00000000a0000000,0x00000000a0b46220,0x00000000a3e00000)
 Metaspace       used 25894K, capacity 26304K, committed 26496K, reserved 1073152K
  class space    used 3583K, capacity 3693K, committed 3712K, reserved 1048576K
}
Event: 6.343 GC heap before
{Heap before GC invocations=7 (full 1):
 PSYoungGen      total 71680K, used 71649K [0x00000000e0000000, 0x00000000e7580000, 0x0000000100000000)
  eden space 66560K, 100% used [0x00000000e0000000,0x00000000e4100000,0x00000000e4100000)
  from space 5120K, 99% used [0x00000000e4100000,0x00000000e45f8570,0x00000000e4600000)
  to   space 10752K, 0% used [0x00000000e6b00000,0x00000000e6b00000,0x00000000e7580000)
 ParOldGen       total 63488K, used 11544K [0x00000000a0000000, 0x00000000a3e00000, 0x00000000e0000000)
  object space 63488K, 18% used [0x00000000a0000000,0x00000000a0b46220,0x00000000a3e00000)
 Metaspace       used 29274K, capacity 29686K, committed 30080K, reserved 1075200K
  class space    used 3983K, capacity 4115K, committed 4224K, reserved 1048576K
Event: 6.362 GC heap after
Heap after GC invocations=7 (full 1):
 PSYoungGen      total 104448K, used 6500K [0x00000000e0000000, 0x00000000e7280000, 0x0000000100000000)
  eden space 96768K, 0% used [0x00000000e0000000,0x00000000e0000000,0x00000000e5e80000)
  from space 7680K, 84% used [0x00000000e6b00000,0x00000000e7159040,0x00000000e7280000)
  to   space 10240K, 0% used [0x00000000e5e80000,0x00000000e5e80000,0x00000000e6880000)
 ParOldGen       total 63488K, used 11616K [0x00000000a0000000, 0x00000000a3e00000, 0x00000000e0000000)
  object space 63488K, 18% used [0x00000000a0000000,0x00000000a0b58230,0x00000000a3e00000)
 Metaspace       used 29274K, capacity 29686K, committed 30080K, reserved 1075200K
  class space    used 3983K, capacity 4115K, committed 4224K, reserved 1048576K
}
Event: 7.654 GC heap before
{Heap before GC invocations=8 (full 1):
 PSYoungGen      total 104448K, used 80284K [0x00000000e0000000, 0x00000000e7280000, 0x0000000100000000)
  eden space 96768K, 76% used [0x00000000e0000000,0x00000000e480e2c0,0x00000000e5e80000)
  from space 7680K, 84% used [0x00000000e6b00000,0x00000000e7159040,0x00000000e7280000)
  to   space 10240K, 0% used [0x00000000e5e80000,0x00000000e5e80000,0x00000000e6880000)
 ParOldGen       total 63488K, used 11616K [0x00000000a0000000, 0x00000000a3e00000, 0x00000000e0000000)
  object space 63488K, 18% used [0x00000000a0000000,0x00000000a0b58230,0x00000000a3e00000)
 Metaspace       used 34828K, capacity 35388K, committed 35496K, reserved 1079296K
  class space    used 4670K, capacity 4848K, committed 4864K, reserved 1048576K
Event: 7.668 GC heap after
Heap after GC invocations=8 (full 1):
 PSYoungGen      total 107008K, used 10223K [0x00000000e0000000, 0x00000000e9f80000, 0x0000000100000000)
  eden space 96768K, 0% used [0x00000000e0000000,0x00000000e0000000,0x00000000e5e80000)
  from space 10240K, 99% used [0x00000000e5e80000,0x00000000e687bd58,0x00000000e6880000)
  to   space 12288K, 0% used [0x00000000e9380000,0x00000000e9380000,0x00000000e9f80000)
 ParOldGen       total 63488K, used 13307K [0x00000000a0000000, 0x00000000a3e00000, 0x00000000e0000000)
  object space 63488K, 20% used [0x00000000a0000000,0x00000000a0cfefd8,0x00000000a3e00000)
 Metaspace       used 34828K, capacity 35388K, committed 35496K, reserved 1079296K
  class space    used 4670K, capacity 4848K, committed 4864K, reserved 1048576K
}
Event: 7.668 GC heap before
{Heap before GC invocations=9 (full 2):
 PSYoungGen      total 107008K, used 10223K [0x00000000e0000000, 0x00000000e9f80000, 0x0000000100000000)
  eden space 96768K, 0% used [0x00000000e0000000,0x00000000e0000000,0x00000000e5e80000)
  from space 10240K, 99% used [0x00000000e5e80000,0x00000000e687bd58,0x00000000e6880000)
  to   space 12288K, 0% used [0x00000000e9380000,0x00000000e9380000,0x00000000e9f80000)
 ParOldGen       total 63488K, used 13307K [0x00000000a0000000, 0x00000000a3e00000, 0x00000000e0000000)
  object space 63488K, 20% used [0x00000000a0000000,0x00000000a0cfefd8,0x00000000a3e00000)
 Metaspace       used 34828K, capacity 35388K, committed 35496K, reserved 1079296K
  class space    used 4670K, capacity 4848K, committed 4864K, reserved 1048576K

