# JRE version: OpenJDK Runtime Environment (8.0_112-b06) (build 1.8.0_112-release-b06)
# Java VM: OpenJDK 64-Bit Server VM (25.112-b06 mixed mode windows-amd64 compressed oops)
Heap:
 PSYoungGen      total 197632K, used 120783K [0x00000000e0000000, 0x00000000ee080000, 0x0000000100000000)
  eden space 169984K, 60% used [0x00000000e0000000,0x00000000e6426f10,0x00000000ea600000)
  from space 27648K, 65% used [0x00000000ec180000,0x00000000ed34d0a0,0x00000000edc80000)
  to   space 28160K, 0% used [0x00000000ea600000,0x00000000ea600000,0x00000000ec180000)
 ParOldGen       total 150528K, used 40996K [0x00000000a0000000, 0x00000000a9300000, 0x00000000e0000000)
  object space 150528K, 27% used [0x00000000a0000000,0x00000000a28091c0,0x00000000a9300000)
 Metaspace       used 65441K, capacity 68060K, committed 68352K, reserved 1107968K
  class space    used 8630K, capacity 9169K, committed 9216K, reserved 1048576K
GC Heap History (10 events):
Event: 14.535 GC heap before
{Heap before GC invocations=15 (full 2):
 PSYoungGen      total 115200K, used 115168K [0x00000000e0000000, 0x00000000e8880000, 0x0000000100000000)
  eden space 102400K, 100% used [0x00000000e0000000,0x00000000e6400000,0x00000000e6400000)
  from space 12800K, 99% used [0x00000000e7380000,0x00000000e7ff8018,0x00000000e8000000)
  to   space 15872K, 0% used [0x00000000e6400000,0x00000000e6400000,0x00000000e7380000)
 ParOldGen       total 99328K, used 20672K [0x00000000a0000000, 0x00000000a6100000, 0x00000000e0000000)
  object space 99328K, 20% used [0x00000000a0000000,0x00000000a1430058,0x00000000a6100000)
 Metaspace       used 50640K, capacity 52428K, committed 52480K, reserved 1093632K
  class space    used 6997K, capacity 7384K, committed 7424K, reserved 1048576K
Event: 14.593 GC heap after
Heap after GC invocations=15 (full 2):
 PSYoungGen      total 118272K, used 15840K [0x00000000e0000000, 0x00000000eb100000, 0x0000000100000000)
  eden space 102400K, 0% used [0x00000000e0000000,0x00000000e0000000,0x00000000e6400000)
  from space 15872K, 99% used [0x00000000e6400000,0x00000000e7378018,0x00000000e7380000)
  to   space 21504K, 0% used [0x00000000e9c00000,0x00000000e9c00000,0x00000000eb100000)
 ParOldGen       total 99328K, used 30235K [0x00000000a0000000, 0x00000000a6100000, 0x00000000e0000000)
  object space 99328K, 30% used [0x00000000a0000000,0x00000000a1d86d68,0x00000000a6100000)
 Metaspace       used 50640K, capacity 52428K, committed 52480K, reserved 1093632K
  class space    used 6997K, capacity 7384K, committed 7424K, reserved 1048576K
}
Event: 25.634 GC heap before
{Heap before GC invocations=16 (full 2):
 PSYoungGen      total 118272K, used 118240K [0x00000000e0000000, 0x00000000eb100000, 0x0000000100000000)
  eden space 102400K, 100% used [0x00000000e0000000,0x00000000e6400000,0x00000000e6400000)
  from space 15872K, 99% used [0x00000000e6400000,0x00000000e7378018,0x00000000e7380000)
  to   space 21504K, 0% used [0x00000000e9c00000,0x00000000e9c00000,0x00000000eb100000)
 ParOldGen       total 99328K, used 30235K [0x00000000a0000000, 0x00000000a6100000, 0x00000000e0000000)
  object space 99328K, 30% used [0x00000000a0000000,0x00000000a1d86d68,0x00000000a6100000)
 Metaspace       used 54906K, capacity 57304K, committed 57472K, reserved 1099776K
  class space    used 7457K, capacity 7961K, committed 8064K, reserved 1048576K
Event: 25.672 GC heap after
Heap after GC invocations=16 (full 2):
 PSYoungGen      total 155648K, used 21488K [0x00000000e0000000, 0x00000000eb500000, 0x0000000100000000)
  eden space 134144K, 0% used [0x00000000e0000000,0x00000000e0000000,0x00000000e8300000)
  from space 21504K, 99% used [0x00000000e9c00000,0x00000000eb0fc048,0x00000000eb100000)
  to   space 25600K, 0% used [0x00000000e8300000,0x00000000e8300000,0x00000000e9c00000)
 ParOldGen       total 99328K, used 32618K [0x00000000a0000000, 0x00000000a6100000, 0x00000000e0000000)
  object space 99328K, 32% used [0x00000000a0000000,0x00000000a1fdab50,0x00000000a6100000)
 Metaspace       used 54906K, capacity 57304K, committed 57472K, reserved 1099776K
  class space    used 7457K, capacity 7961K, committed 8064K, reserved 1048576K
}
Event: 128.198 GC heap before
{Heap before GC invocations=17 (full 2):
 PSYoungGen      total 155648K, used 81113K [0x00000000e0000000, 0x00000000eb500000, 0x0000000100000000)
  eden space 134144K, 44% used [0x00000000e0000000,0x00000000e3a3a3d0,0x00000000e8300000)
  from space 21504K, 99% used [0x00000000e9c00000,0x00000000eb0fc048,0x00000000eb100000)
  to   space 25600K, 0% used [0x00000000e8300000,0x00000000e8300000,0x00000000e9c00000)
 ParOldGen       total 99328K, used 32618K [0x00000000a0000000, 0x00000000a6100000, 0x00000000e0000000)
  object space 99328K, 32% used [0x00000000a0000000,0x00000000a1fdab50,0x00000000a6100000)
 Metaspace       used 56588K, capacity 59044K, committed 59136K, reserved 1099776K
  class space    used 7660K, capacity 8142K, committed 8192K, reserved 1048576K
Event: 128.224 GC heap after
Heap after GC invocations=17 (full 2):
 PSYoungGen      total 159744K, used 20736K [0x00000000e0000000, 0x00000000edc80000, 0x0000000100000000)
  eden space 134144K, 0% used [0x00000000e0000000,0x00000000e0000000,0x00000000e8300000)
  from space 25600K, 81% used [0x00000000e8300000,0x00000000e9740038,0x00000000e9c00000)
  to   space 27648K, 0% used [0x00000000ec180000,0x00000000ec180000,0x00000000edc80000)
 ParOldGen       total 99328K, used 32626K [0x00000000a0000000, 0x00000000a6100000, 0x00000000e0000000)
  object space 99328K, 32% used [0x00000000a0000000,0x00000000a1fdcb50,0x00000000a6100000)
 Metaspace       used 56588K, capacity 59044K, committed 59136K, reserved 1099776K
  class space    used 7660K, capacity 8142K, committed 8192K, reserved 1048576K
}
Event: 128.224 GC heap before
{Heap before GC invocations=18 (full 3):
 PSYoungGen      total 159744K, used 20736K [0x00000000e0000000, 0x00000000edc80000, 0x0000000100000000)
  eden space 134144K, 0% used [0x00000000e0000000,0x00000000e0000000,0x00000000e8300000)
  from space 25600K, 81% used [0x00000000e8300000,0x00000000e9740038,0x00000000e9c00000)
  to   space 27648K, 0% used [0x00000000ec180000,0x00000000ec180000,0x00000000edc80000)
 ParOldGen       total 99328K, used 32626K [0x00000000a0000000, 0x00000000a6100000, 0x00000000e0000000)
  object space 99328K, 32% used [0x00000000a0000000,0x00000000a1fdcb50,0x00000000a6100000)
 Metaspace       used 56588K, capacity 59044K, committed 59136K, reserved 1099776K
  class space    used 7660K, capacity 8142K, committed 8192K, reserved 1048576K
Event: 128.641 GC heap after
Heap after GC invocations=18 (full 3):
 PSYoungGen      total 159744K, used 0K [0x00000000e0000000, 0x00000000edc80000, 0x0000000100000000)
  eden space 134144K, 0% used [0x00000000e0000000,0x00000000e0000000,0x00000000e8300000)
  from space 25600K, 0% used [0x00000000e8300000,0x00000000e8300000,0x00000000e9c00000)
  to   space 27648K, 0% used [0x00000000ec180000,0x00000000ec180000,0x00000000edc80000)
 ParOldGen       total 150528K, used 40988K [0x00000000a0000000, 0x00000000a9300000, 0x00000000e0000000)
  object space 150528K, 27% used [0x00000000a0000000,0x00000000a28071c0,0x00000000a9300000)
 Metaspace       used 56588K, capacity 59044K, committed 59136K, reserved 1099776K
  class space    used 7660K, capacity 8142K, committed 8192K, reserved 1048576K
}
Event: 132.443 GC heap before
{Heap before GC invocations=19 (full 3):
 PSYoungGen      total 159744K, used 134144K [0x00000000e0000000, 0x00000000edc80000, 0x0000000100000000)
  eden space 134144K, 100% used [0x00000000e0000000,0x00000000e8300000,0x00000000e8300000)
  from space 25600K, 0% used [0x00000000e8300000,0x00000000e8300000,0x00000000e9c00000)
  to   space 27648K, 0% used [0x00000000ec180000,0x00000000ec180000,0x00000000edc80000)
 ParOldGen       total 150528K, used 40988K [0x00000000a0000000, 0x00000000a9300000, 0x00000000e0000000)
  object space 150528K, 27% used [0x00000000a0000000,0x00000000a28071c0,0x00000000a9300000)
 Metaspace       used 62044K, capacity 64658K, committed 64896K, reserved 1105920K
  class space    used 8311K, capacity 8806K, committed 8832K, reserved 1048576K
Event: 132.473 GC heap after
Heap after GC invocations=19 (full 3):
 PSYoungGen      total 197632K, used 18228K [0x00000000e0000000, 0x00000000ee080000, 0x0000000100000000)
  eden space 169984K, 0% used [0x00000000e0000000,0x00000000e0000000,0x00000000ea600000)
  from space 27648K, 65% used [0x00000000ec180000,0x00000000ed34d0a0,0x00000000edc80000)
  to   space 28160K, 0% used [0x00000000ea600000,0x00000000ea600000,0x00000000ec180000)
 ParOldGen       total 150528K, used 40996K [0x00000000a0000000, 0x00000000a9300000, 0x00000000e0000000)
  object space 150528K, 27% used [0x00000000a0000000,0x00000000a28091c0,0x00000000a9300000)
 Metaspace       used 62044K, capacity 64658K, committed 64896K, reserved 1105920K
  class space    used 8311K, capacity 8806K, committed 8832K, reserved 1048576K
}

