# JRE version: OpenJDK Runtime Environment (8.0_112-b06) (build 1.8.0_112-release-b06)
# Java VM: OpenJDK 64-Bit Server VM (25.112-b06 mixed mode windows-amd64 compressed oops)
Heap:
 PSYoungGen      total 134656K, used 19943K [0x00000000e0000000, 0x00000000eae00000, 0x0000000100000000)
  eden space 121856K, 5% used [0x00000000e0000000,0x00000000e0701170,0x00000000e7700000)
  from space 12800K, 99% used [0x00000000e7700000,0x00000000e8378c98,0x00000000e8380000)
  to   space 16384K, 0% used [0x00000000e9e00000,0x00000000e9e00000,0x00000000eae00000)
 ParOldGen       total 108544K, used 23370K [0x00000000a0000000, 0x00000000a6a00000, 0x00000000e0000000)
  object space 108544K, 21% used [0x00000000a0000000,0x00000000a16d2ad8,0x00000000a6a00000)
 Metaspace       used 48802K, capacity 50356K, committed 50560K, reserved 1093632K
  class space    used 6618K, capacity 6949K, committed 7040K, reserved 1048576K
GC Heap History (10 events):
Event: 7.502 GC heap before
{Heap before GC invocations=7 (full 1):
 PSYoungGen      total 71680K, used 71678K [0x00000000e0000000, 0x00000000e7080000, 0x0000000100000000)
  eden space 66560K, 100% used [0x00000000e0000000,0x00000000e4100000,0x00000000e4100000)
  from space 5120K, 99% used [0x00000000e4100000,0x00000000e45ff810,0x00000000e4600000)
  to   space 10752K, 0% used [0x00000000e6600000,0x00000000e6600000,0x00000000e7080000)
 ParOldGen       total 66560K, used 11706K [0x00000000a0000000, 0x00000000a4100000, 0x00000000e0000000)
  object space 66560K, 17% used [0x00000000a0000000,0x00000000a0b6e808,0x00000000a4100000)
 Metaspace       used 29405K, capacity 29942K, committed 30336K, reserved 1075200K
  class space    used 3999K, capacity 4115K, committed 4224K, reserved 1048576K
Event: 7.515 GC heap after
Heap after GC invocations=7 (full 1):
 PSYoungGen      total 97280K, used 6593K [0x00000000e0000000, 0x00000000e6c80000, 0x0000000100000000)
  eden space 90624K, 0% used [0x00000000e0000000,0x00000000e0000000,0x00000000e5880000)
  from space 6656K, 99% used [0x00000000e6600000,0x00000000e6c70668,0x00000000e6c80000)
  to   space 10240K, 0% used [0x00000000e5880000,0x00000000e5880000,0x00000000e6280000)
 ParOldGen       total 66560K, used 11778K [0x00000000a0000000, 0x00000000a4100000, 0x00000000e0000000)
  object space 66560K, 17% used [0x00000000a0000000,0x00000000a0b80818,0x00000000a4100000)
 Metaspace       used 29405K, capacity 29942K, committed 30336K, reserved 1075200K
  class space    used 3999K, capacity 4115K, committed 4224K, reserved 1048576K
}
Event: 8.780 GC heap before
{Heap before GC invocations=8 (full 1):
 PSYoungGen      total 97280K, used 77242K [0x00000000e0000000, 0x00000000e6c80000, 0x0000000100000000)
  eden space 90624K, 77% used [0x00000000e0000000,0x00000000e44fe2f8,0x00000000e5880000)
  from space 6656K, 99% used [0x00000000e6600000,0x00000000e6c70668,0x00000000e6c80000)
  to   space 10240K, 0% used [0x00000000e5880000,0x00000000e5880000,0x00000000e6280000)
 ParOldGen       total 66560K, used 11778K [0x00000000a0000000, 0x00000000a4100000, 0x00000000e0000000)
  object space 66560K, 17% used [0x00000000a0000000,0x00000000a0b80818,0x00000000a4100000)
 Metaspace       used 34704K, capacity 35350K, committed 35496K, reserved 1079296K
  class space    used 4651K, capacity 4815K, committed 4864K, reserved 1048576K
Event: 8.802 GC heap after
Heap after GC invocations=8 (full 1):
 PSYoungGen      total 100864K, used 10230K [0x00000000e0000000, 0x00000000e9200000, 0x0000000100000000)
  eden space 90624K, 0% used [0x00000000e0000000,0x00000000e0000000,0x00000000e5880000)
  from space 10240K, 99% used [0x00000000e5880000,0x00000000e627da90,0x00000000e6280000)
  to   space 12288K, 0% used [0x00000000e8600000,0x00000000e8600000,0x00000000e9200000)
 ParOldGen       total 66560K, used 13091K [0x00000000a0000000, 0x00000000a4100000, 0x00000000e0000000)
  object space 66560K, 19% used [0x00000000a0000000,0x00000000a0cc8dd0,0x00000000a4100000)
 Metaspace       used 34704K, capacity 35350K, committed 35496K, reserved 1079296K
  class space    used 4651K, capacity 4815K, committed 4864K, reserved 1048576K
}
Event: 8.802 GC heap before
{Heap before GC invocations=9 (full 2):
 PSYoungGen      total 100864K, used 10230K [0x00000000e0000000, 0x00000000e9200000, 0x0000000100000000)
  eden space 90624K, 0% used [0x00000000e0000000,0x00000000e0000000,0x00000000e5880000)
  from space 10240K, 99% used [0x00000000e5880000,0x00000000e627da90,0x00000000e6280000)
  to   space 12288K, 0% used [0x00000000e8600000,0x00000000e8600000,0x00000000e9200000)
 ParOldGen       total 66560K, used 13091K [0x00000000a0000000, 0x00000000a4100000, 0x00000000e0000000)
  object space 66560K, 19% used [0x00000000a0000000,0x00000000a0cc8dd0,0x00000000a4100000)
 Metaspace       used 34704K, capacity 35350K, committed 35496K, reserved 1079296K
  class space    used 4651K, capacity 4815K, committed 4864K, reserved 1048576K
Event: 8.929 GC heap after
Heap after GC invocations=9 (full 2):
 PSYoungGen      total 100864K, used 0K [0x00000000e0000000, 0x00000000e9200000, 0x0000000100000000)
  eden space 90624K, 0% used [0x00000000e0000000,0x00000000e0000000,0x00000000e5880000)
  from space 10240K, 0% used [0x00000000e5880000,0x00000000e5880000,0x00000000e6280000)
  to   space 12288K, 0% used [0x00000000e8600000,0x00000000e8600000,0x00000000e9200000)
 ParOldGen       total 108544K, used 17614K [0x00000000a0000000, 0x00000000a6a00000, 0x00000000e0000000)
  object space 108544K, 16% used [0x00000000a0000000,0x00000000a1133b30,0x00000000a6a00000)
 Metaspace       used 34704K, capacity 35350K, committed 35496K, reserved 1079296K
  class space    used 4651K, capacity 4815K, committed 4864K, reserved 1048576K
}
Event: 10.889 GC heap before
{Heap before GC invocations=10 (full 2):
 PSYoungGen      total 100864K, used 90624K [0x00000000e0000000, 0x00000000e9200000, 0x0000000100000000)
  eden space 90624K, 100% used [0x00000000e0000000,0x00000000e5880000,0x00000000e5880000)
  from space 10240K, 0% used [0x00000000e5880000,0x00000000e5880000,0x00000000e6280000)
  to   space 12288K, 0% used [0x00000000e8600000,0x00000000e8600000,0x00000000e9200000)
 ParOldGen       total 108544K, used 17614K [0x00000000a0000000, 0x00000000a6a00000, 0x00000000e0000000)
  object space 108544K, 16% used [0x00000000a0000000,0x00000000a1133b30,0x00000000a6a00000)
 Metaspace       used 42228K, capacity 43060K, committed 43392K, reserved 1087488K
  class space    used 5666K, capacity 5889K, committed 6016K, reserved 1048576K
Event: 10.905 GC heap after
Heap after GC invocations=10 (full 2):
 PSYoungGen      total 132096K, used 9927K [0x00000000e0000000, 0x00000000e9000000, 0x0000000100000000)
  eden space 121856K, 0% used [0x00000000e0000000,0x00000000e0000000,0x00000000e7700000)
  from space 10240K, 96% used [0x00000000e8600000,0x00000000e8fb1cf8,0x00000000e9000000)
  to   space 12800K, 0% used [0x00000000e7700000,0x00000000e7700000,0x00000000e8380000)
 ParOldGen       total 108544K, used 17622K [0x00000000a0000000, 0x00000000a6a00000, 0x00000000e0000000)
  object space 108544K, 16% used [0x00000000a0000000,0x00000000a1135b30,0x00000000a6a00000)
 Metaspace       used 42228K, capacity 43060K, committed 43392K, reserved 1087488K
  class space    used 5666K, capacity 5889K, committed 6016K, reserved 1048576K
}
Event: 14.762 GC heap before
{Heap before GC invocations=11 (full 2):
 PSYoungGen      total 132096K, used 131783K [0x00000000e0000000, 0x00000000e9000000, 0x0000000100000000)
  eden space 121856K, 100% used [0x00000000e0000000,0x00000000e7700000,0x00000000e7700000)
  from space 10240K, 96% used [0x00000000e8600000,0x00000000e8fb1cf8,0x00000000e9000000)
  to   space 12800K, 0% used [0x00000000e7700000,0x00000000e7700000,0x00000000e8380000)
 ParOldGen       total 108544K, used 17622K [0x00000000a0000000, 0x00000000a6a00000, 0x00000000e0000000)
  object space 108544K, 16% used [0x00000000a0000000,0x00000000a1135b30,0x00000000a6a00000)
 Metaspace       used 48352K, capacity 49904K, committed 49920K, reserved 1091584K
  class space    used 6561K, capacity 6899K, committed 6912K, reserved 1048576K
Event: 15.792 GC heap after
Heap after GC invocations=11 (full 2):
 PSYoungGen      total 134656K, used 12771K [0x00000000e0000000, 0x00000000eae00000, 0x0000000100000000)
  eden space 121856K, 0% used [0x00000000e0000000,0x00000000e0000000,0x00000000e7700000)
  from space 12800K, 99% used [0x00000000e7700000,0x00000000e8378c98,0x00000000e8380000)
  to   space 16384K, 0% used [0x00000000e9e00000,0x00000000e9e00000,0x00000000eae00000)
 ParOldGen       total 108544K, used 23370K [0x00000000a0000000, 0x00000000a6a00000, 0x00000000e0000000)
  object space 108544K, 21% used [0x00000000a0000000,0x00000000a16d2ad8,0x00000000a6a00000)
 Metaspace       used 48352K, capacity 49904K, committed 49920K, reserved 1091584K
  class space    used 6561K, capacity 6899K, committed 6912K, reserved 1048576K
}

